{
  "stats": {
    "suites": 1,
    "tests": 10,
    "passes": 10,
    "pending": 0,
    "failures": 0,
    "start": "2024-09-26T20:25:25.692Z",
    "end": "2024-09-26T20:25:37.378Z",
    "duration": 11686,
    "testsRegistered": 10,
    "passPercent": 100,
    "pendingPercent": 0,
    "other": 0,
    "hasOther": false,
    "skipped": 0,
    "hasSkipped": false
  },
  "results": [
    {
      "uuid": "1d19f40b-705f-44cb-a2ae-3ae03b99b3c5",
      "title": "",
      "fullFile": "cypress\\e2e\\FixersAPI\\Documentation.cy.js",
      "file": "cypress\\e2e\\FixersAPI\\Documentation.cy.js",
      "beforeHooks": [],
      "afterHooks": [],
      "tests": [],
      "suites": [
        {
          "uuid": "33e368ec-ccf2-41c9-8517-285839bf87de",
          "title": "Fixer Documentation Page",
          "fullFile": "",
          "file": "",
          "beforeHooks": [],
          "afterHooks": [],
          "tests": [
            {
              "title": "1. Test to \"Accept Cookies\" if not already accepted",
              "fullTitle": "Fixer Documentation Page 1. Test to \"Accept Cookies\" if not already accepted",
              "timedOut": null,
              "duration": 7793,
              "state": "passed",
              "speed": "medium",
              "pass": true,
              "fail": false,
              "pending": false,
              "context": null,
              "code": "cy.intercept('GET', '/collect*').as('apiRequest');\ncy.AcceptCookies();\ncy.wait('@apiRequest');",
              "err": {},
              "uuid": "bf1fc347-fc3c-416d-a873-13b20da15600",
              "parentUUID": "33e368ec-ccf2-41c9-8517-285839bf87de",
              "isHook": false,
              "skipped": false
            },
            {
              "title": "2. Test to check for the \"Documentation\" tab is present",
              "fullTitle": "Fixer Documentation Page 2. Test to check for the \"Documentation\" tab is present",
              "timedOut": null,
              "duration": 22,
              "state": "passed",
              "speed": "fast",
              "pass": true,
              "fail": false,
              "pending": false,
              "context": null,
              "code": "cy.componentVisiblityCheck('.d-md-flex > .d-none');",
              "err": {},
              "uuid": "c84c5bee-f050-4957-b673-9978ebd1ab29",
              "parentUUID": "33e368ec-ccf2-41c9-8517-285839bf87de",
              "isHook": false,
              "skipped": false
            },
            {
              "title": "3. Test to click on the \"Documentation\" tab",
              "fullTitle": "Fixer Documentation Page 3. Test to click on the \"Documentation\" tab",
              "timedOut": null,
              "duration": 605,
              "state": "passed",
              "speed": "fast",
              "pass": true,
              "fail": false,
              "pending": false,
              "context": null,
              "code": "cy.intercept('GET', '/marketplace/fixer-api/tabs/api_docs').as('apiRequest');\ncy.get('.d-md-flex > .d-none').click();\ncy.wait('@apiRequest');",
              "err": {},
              "uuid": "f5e0fe0b-71ff-46e2-bd9d-c3ee230a865d",
              "parentUUID": "33e368ec-ccf2-41c9-8517-285839bf87de",
              "isHook": false,
              "skipped": false
            },
            {
              "title": "4. Test to check \"Fixer API Reference\" title is present",
              "fullTitle": "Fixer Documentation Page 4. Test to check \"Fixer API Reference\" title is present",
              "timedOut": null,
              "duration": 27,
              "state": "passed",
              "speed": "fast",
              "pass": true,
              "fail": false,
              "pending": false,
              "context": null,
              "code": "cy.componentVisiblityCheck('h3.mb-4', 'Fixer API Reference');",
              "err": {},
              "uuid": "ae1d4fa7-9885-405c-bdbf-6c696b228817",
              "parentUUID": "33e368ec-ccf2-41c9-8517-285839bf87de",
              "isHook": false,
              "skipped": false
            },
            {
              "title": "5. Test to check \"Contents\" section is present",
              "fullTitle": "Fixer Documentation Page 5. Test to check \"Contents\" section is present",
              "timedOut": null,
              "duration": 11,
              "state": "passed",
              "speed": "fast",
              "pass": true,
              "fail": false,
              "pending": false,
              "context": null,
              "code": "cy.componentVisiblityCheck('.sticky-top > .text-muted');",
              "err": {},
              "uuid": "0ab165cd-d395-4ac1-8771-0d3bd5e7074d",
              "parentUUID": "33e368ec-ccf2-41c9-8517-285839bf87de",
              "isHook": false,
              "skipped": false
            },
            {
              "title": "6. Test to Navigate For \"Authentication\" section",
              "fullTitle": "Fixer Documentation Page 6. Test to Navigate For \"Authentication\" section",
              "timedOut": null,
              "duration": 116,
              "state": "passed",
              "speed": "fast",
              "pass": true,
              "fail": false,
              "pending": false,
              "context": null,
              "code": "cy.get('.sticky-top > ul > :nth-child(1) > a').click();\ncy.componentVisiblityCheck('.col-sm-12 > :nth-child(4) > a', 'Authentication');",
              "err": {},
              "uuid": "2bad7c49-d8e1-4497-9d6b-8f7e92a5b7e1",
              "parentUUID": "33e368ec-ccf2-41c9-8517-285839bf87de",
              "isHook": false,
              "skipped": false
            },
            {
              "title": "7. Test to Navigate to \"Endpoints\" section",
              "fullTitle": "Fixer Documentation Page 7. Test to Navigate to \"Endpoints\" section",
              "timedOut": null,
              "duration": 113,
              "state": "passed",
              "speed": "fast",
              "pass": true,
              "fail": false,
              "pending": false,
              "context": null,
              "code": "cy.get('.sticky-top > ul > :nth-child(2) > a').click();\ncy.componentVisiblityCheck(':nth-child(9) > a', 'Endpoints');",
              "err": {},
              "uuid": "000bfe8c-49f4-4004-9743-a12084bc7a07",
              "parentUUID": "33e368ec-ccf2-41c9-8517-285839bf87de",
              "isHook": false,
              "skipped": false
            },
            {
              "title": "8. Test to navigate to \"Rate Limiting\" section",
              "fullTitle": "Fixer Documentation Page 8. Test to navigate to \"Rate Limiting\" section",
              "timedOut": null,
              "duration": 115,
              "state": "passed",
              "speed": "fast",
              "pass": true,
              "fail": false,
              "pending": false,
              "context": null,
              "code": "cy.get('.sticky-top > ul > :nth-child(3) > a').click();\ncy.componentVisiblityCheck(':nth-child(11) > a', 'Rate Limiting');",
              "err": {},
              "uuid": "b6396d62-08ee-4717-8eef-fb00b6f5cb6b",
              "parentUUID": "33e368ec-ccf2-41c9-8517-285839bf87de",
              "isHook": false,
              "skipped": false
            },
            {
              "title": "9. Test to navigate to \"Error Codes\" section",
              "fullTitle": "Fixer Documentation Page 9. Test to navigate to \"Error Codes\" section",
              "timedOut": null,
              "duration": 111,
              "state": "passed",
              "speed": "fast",
              "pass": true,
              "fail": false,
              "pending": false,
              "context": null,
              "code": "cy.get('.sticky-top > ul > :nth-child(4) > a').click();\ncy.componentVisiblityCheck(':nth-child(19) > a', 'Error Codes');",
              "err": {},
              "uuid": "7694018c-2de5-493a-a784-c2b2be203bd4",
              "parentUUID": "33e368ec-ccf2-41c9-8517-285839bf87de",
              "isHook": false,
              "skipped": false
            },
            {
              "title": "10. Test to navigate to \"Premium Location List\" section",
              "fullTitle": "Fixer Documentation Page 10. Test to navigate to \"Premium Location List\" section",
              "timedOut": null,
              "duration": 104,
              "state": "passed",
              "speed": "fast",
              "pass": true,
              "fail": false,
              "pending": false,
              "context": null,
              "code": "cy.get('#endpointCollapse1 > .card-body > #subscribeButton').click();",
              "err": {},
              "uuid": "1d4338a1-e653-4cbb-a2bf-ac39852b4114",
              "parentUUID": "33e368ec-ccf2-41c9-8517-285839bf87de",
              "isHook": false,
              "skipped": false
            }
          ],
          "suites": [],
          "passes": [
            "bf1fc347-fc3c-416d-a873-13b20da15600",
            "c84c5bee-f050-4957-b673-9978ebd1ab29",
            "f5e0fe0b-71ff-46e2-bd9d-c3ee230a865d",
            "ae1d4fa7-9885-405c-bdbf-6c696b228817",
            "0ab165cd-d395-4ac1-8771-0d3bd5e7074d",
            "2bad7c49-d8e1-4497-9d6b-8f7e92a5b7e1",
            "000bfe8c-49f4-4004-9743-a12084bc7a07",
            "b6396d62-08ee-4717-8eef-fb00b6f5cb6b",
            "7694018c-2de5-493a-a784-c2b2be203bd4",
            "1d4338a1-e653-4cbb-a2bf-ac39852b4114"
          ],
          "failures": [],
          "pending": [],
          "skipped": [],
          "duration": 9017,
          "root": false,
          "rootEmpty": false,
          "_timeout": 2000
        }
      ],
      "passes": [],
      "failures": [],
      "pending": [],
      "skipped": [],
      "duration": 0,
      "root": true,
      "rootEmpty": true,
      "_timeout": 2000
    }
  ],
  "meta": {
    "mocha": {
      "version": "7.0.1"
    },
    "mochawesome": {
      "options": {
        "quiet": false,
        "reportFilename": "mochawesome",
        "saveHtml": false,
        "saveJson": true,
        "consoleReporter": "spec",
        "useInlineDiffs": false,
        "code": true
      },
      "version": "7.1.3"
    },
    "marge": {
      "options": {
        "charts": true,
        "reportPageTitle": "Cypress Report",
        "embeddedScreenshots": true,
        "inlineAssets": true,
        "overwrite": false,
        "html": false,
        "json": true,
        "reportDir": "cypress\\reports\\html\\.jsons"
      },
      "version": "6.2.0"
    }
  }
}